<?xml version="1.0" encoding="UTF-8"?>
<testng-results ignored="0" total="2" passed="2" failed="0" skipped="0">
  <reporter-output>
  </reporter-output>
  <suite started-at="2025-11-20T20:28:03 EST" name="Master Suite" finished-at="2025-11-20T20:28:23 EST" duration-ms="20109">
    <groups>
      <group name="Sanity">
        <method signature="TC002_LoginTest.varify_login()[pri:0, instance:testCases.TC002_LoginTest@3bd323e9]" name="varify_login" class="testCases.TC002_LoginTest"/>
      </group> <!-- Sanity -->
      <group name="Regression">
        <method signature="TC001_AccountRegistrationTest.varify_account_registration()[pri:0, instance:testCases.TC001_AccountRegistrationTest@12d2ce03]" name="varify_account_registration" class="testCases.TC001_AccountRegistrationTest"/>
      </group> <!-- Regression -->
      <group name="master">
        <method signature="TC001_AccountRegistrationTest.varify_account_registration()[pri:0, instance:testCases.TC001_AccountRegistrationTest@12d2ce03]" name="varify_account_registration" class="testCases.TC001_AccountRegistrationTest"/>
        <method signature="TC002_LoginTest.varify_login()[pri:0, instance:testCases.TC002_LoginTest@3bd323e9]" name="varify_login" class="testCases.TC002_LoginTest"/>
      </group> <!-- master -->
    </groups>
    <test started-at="2025-11-20T20:28:03 EST" name="Test" finished-at="2025-11-20T20:28:23 EST" duration-ms="20109">
      <class name="testCases.TC002_LoginTest">
        <test-method is-config="true" signature="setup(java.lang.String,java.lang.String)[pri:0, instance:testCases.TC002_LoginTest@3bd323e9]" started-at="2025-11-20T20:28:11 EST" name="setup" finished-at="2025-11-20T20:28:21 EST" duration-ms="9800" status="PASS">
          <params>
            <param index="0">
              <value>
                <![CDATA[Windows]]>
              </value>
            </param>
            <param index="1">
              <value>
                <![CDATA[chrome]]>
              </value>
            </param>
          </params>
          <reporter-output>
          </reporter-output>
        </test-method> <!-- setup -->
        <test-method signature="varify_login()[pri:0, instance:testCases.TC002_LoginTest@3bd323e9]" started-at="2025-11-20T20:28:21 EST" name="varify_login" finished-at="2025-11-20T20:28:23 EST" duration-ms="2149" status="PASS">
          <reporter-output>
          </reporter-output>
        </test-method> <!-- varify_login -->
        <test-method is-config="true" signature="teardown()[pri:0, instance:testCases.TC002_LoginTest@3bd323e9]" started-at="2025-11-20T20:28:23 EST" name="teardown" finished-at="2025-11-20T20:28:23 EST" duration-ms="183" status="PASS">
          <reporter-output>
          </reporter-output>
        </test-method> <!-- teardown -->
      </class> <!-- testCases.TC002_LoginTest -->
      <class name="testCases.TC001_AccountRegistrationTest">
        <test-method is-config="true" signature="setup(java.lang.String,java.lang.String)[pri:0, instance:testCases.TC001_AccountRegistrationTest@12d2ce03]" started-at="2025-11-20T20:28:03 EST" name="setup" finished-at="2025-11-20T20:28:08 EST" duration-ms="4350" status="PASS">
          <params>
            <param index="0">
              <value>
                <![CDATA[Windows]]>
              </value>
            </param>
            <param index="1">
              <value>
                <![CDATA[chrome]]>
              </value>
            </param>
          </params>
          <reporter-output>
          </reporter-output>
        </test-method> <!-- setup -->
        <test-method signature="varify_account_registration()[pri:0, instance:testCases.TC001_AccountRegistrationTest@12d2ce03]" started-at="2025-11-20T20:28:08 EST" name="varify_account_registration" finished-at="2025-11-20T20:28:11 EST" duration-ms="3278" status="PASS">
          <reporter-output>
          </reporter-output>
        </test-method> <!-- varify_account_registration -->
        <test-method is-config="true" signature="teardown()[pri:0, instance:testCases.TC001_AccountRegistrationTest@12d2ce03]" started-at="2025-11-20T20:28:11 EST" name="teardown" finished-at="2025-11-20T20:28:11 EST" duration-ms="189" status="PASS">
          <reporter-output>
          </reporter-output>
        </test-method> <!-- teardown -->
      </class> <!-- testCases.TC001_AccountRegistrationTest -->
    </test> <!-- Test -->
  </suite> <!-- Master Suite -->
</testng-results>
